Using pre-set license
Built from '2020.3/staging' branch; Version is '2020.3.23f1 (c5d91304a876) revision 12966163'; Using compiler version '192528614'; Build Type 'Release'
OS: 'Windows 10 Pro; OS build 19044.2728; Version 2009; 64bit' Language: 'en' Physical Memory: 16295 MB
BatchMode: 1, IsHumanControllingUs: 0, StartBugReporterOnCrash: 0, Is64bit: 1, IsPro: 0

COMMAND LINE ARGUMENTS:
C:\Program Files\Unity\Hub\Editor\2020.3.23f1\Editor\Unity.exe
-adb2
-batchMode
-noUpm
-name
AssetImportWorker0
-projectPath
C:/Users/cawosanya2021/Documents/GitHub/Alchemical-Solutions/Alchemical Solutions
-logFile
Logs/AssetImportWorker0.log
-srvPort
50278
Successfully changed project path to: C:/Users/cawosanya2021/Documents/GitHub/Alchemical-Solutions/Alchemical Solutions
C:/Users/cawosanya2021/Documents/GitHub/Alchemical-Solutions/Alchemical Solutions
Using Asset Import Pipeline V2.
Refreshing native plugins compatible for Editor in 22.88 ms, found 2 plugins.
Preloading 0 native plugins for Editor in 0.00 ms.
Initialize engine version: 2020.3.23f1 (c5d91304a876)
[Subsystems] Discovering subsystems at path C:/Program Files/Unity/Hub/Editor/2020.3.23f1/Editor/Data/Resources/UnitySubsystems
[Subsystems] Discovering subsystems at path C:/Users/cawosanya2021/Documents/GitHub/Alchemical-Solutions/Alchemical Solutions/Assets
GfxDevice: creating device client; threaded=0
Direct3D:
    Version:  Direct3D 11.0 [level 11.1]
    Renderer: NVIDIA GeForce RTX 3060 (ID=0x2504)
    Vendor:   
    VRAM:     12142 MB
    Driver:   31.0.15.1694
Initialize mono
Mono path[0] = 'C:/Program Files/Unity/Hub/Editor/2020.3.23f1/Editor/Data/Managed'
Mono path[1] = 'C:/Program Files/Unity/Hub/Editor/2020.3.23f1/Editor/Data/MonoBleedingEdge/lib/mono/unityjit'
Mono config path = 'C:/Program Files/Unity/Hub/Editor/2020.3.23f1/Editor/Data/MonoBleedingEdge/etc'
Using monoOptions --debugger-agent=transport=dt_socket,embedding=1,server=y,suspend=n,address=127.0.0.1:56080
Begin MonoManager ReloadAssembly
Registering precompiled unity dll's ...
Register platform support module: C:/Program Files/Unity/Hub/Editor/2020.3.23f1/Editor/Data/PlaybackEngines/WindowsStandaloneSupport/UnityEditor.WindowsStandalone.Extensions.dll
Registered in 0.000954 seconds.
Native extension for WindowsStandalone target not found
Refreshing native plugins compatible for Editor in 22.11 ms, found 2 plugins.
Preloading 0 native plugins for Editor in 0.00 ms.
Mono: successfully reloaded assembly
- Completed reload, in  0.356 seconds
Domain Reload Profiling:
	ReloadAssembly (356ms)
		BeginReloadAssembly (34ms)
			ExecutionOrderSort (0ms)
			DisableScriptedObjects (0ms)
			BackupInstance (0ms)
			ReleaseScriptingObjects (0ms)
			CreateAndSetChildDomain (1ms)
		EndReloadAssembly (275ms)
			LoadAssemblies (33ms)
			RebuildTransferFunctionScriptingTraits (0ms)
			SetupTypeCache (88ms)
			ReleaseScriptCaches (0ms)
			RebuildScriptCaches (18ms)
			SetupLoadedEditorAssemblies (109ms)
				LogAssemblyErrors (0ms)
				InitializePlatformSupportModulesInManaged (3ms)
				SetLoadedEditorAssemblies (0ms)
				RefreshPlugins (22ms)
				BeforeProcessingInitializeOnLoad (11ms)
				ProcessInitializeOnLoadAttributes (55ms)
				ProcessInitializeOnLoadMethodAttributes (17ms)
				AfterProcessingInitializeOnLoad (0ms)
				EditorAssembliesLoaded (0ms)
			ExecutionOrderSort2 (0ms)
			AwakeInstancesAfterBackupRestoration (0ms)
Platform modules already initialized, skipping
Registering precompiled user dll's ...
Registered in 0.002558 seconds.
Begin MonoManager ReloadAssembly
Native extension for WindowsStandalone target not found
Refreshing native plugins compatible for Editor in 0.30 ms, found 2 plugins.
Preloading 0 native plugins for Editor in 0.00 ms.
Mono: successfully reloaded assembly
- Completed reload, in  0.614 seconds
Domain Reload Profiling:
	ReloadAssembly (614ms)
		BeginReloadAssembly (87ms)
			ExecutionOrderSort (0ms)
			DisableScriptedObjects (3ms)
			BackupInstance (0ms)
			ReleaseScriptingObjects (0ms)
			CreateAndSetChildDomain (12ms)
		EndReloadAssembly (490ms)
			LoadAssemblies (53ms)
			RebuildTransferFunctionScriptingTraits (0ms)
			SetupTypeCache (166ms)
			ReleaseScriptCaches (0ms)
			RebuildScriptCaches (25ms)
			SetupLoadedEditorAssemblies (192ms)
				LogAssemblyErrors (0ms)
				InitializePlatformSupportModulesInManaged (3ms)
				SetLoadedEditorAssemblies (0ms)
				RefreshPlugins (0ms)
				BeforeProcessingInitializeOnLoad (52ms)
				ProcessInitializeOnLoadAttributes (127ms)
				ProcessInitializeOnLoadMethodAttributes (6ms)
				AfterProcessingInitializeOnLoad (3ms)
				EditorAssembliesLoaded (0ms)
			ExecutionOrderSort2 (0ms)
			AwakeInstancesAfterBackupRestoration (4ms)
Platform modules already initialized, skipping
========================================================================
Worker process is ready to serve import requests
Launched and connected shader compiler UnityShaderCompiler.exe after 0.03 seconds
Refreshing native plugins compatible for Editor in 0.29 ms, found 2 plugins.
Preloading 0 native plugins for Editor in 0.00 ms.
Unloading 1586 Unused Serialized files (Serialized files now loaded: 0)
System memory in use before: 73.3 MB.
System memory in use after: 73.4 MB.

Unloading 19 unused Assets to reduce memory usage. Loaded Objects now: 2018.
Total: 2.068100 ms (FindLiveObjects: 0.120000 ms CreateObjectMapping: 0.033100 ms MarkObjects: 1.870400 ms  DeleteObjects: 0.043800 ms)

AssetImportParameters requested are different than current active one (requested -> active):
  custom:framework-win-MediaFoundation: 216162199b28c13a410421893ffa2e32 -> 
  custom:video-decoder-ogg-theora: a1e56fd34408186e4bbccfd4996cb3dc -> 
  custom:container-muxer-webm: aa71ff27fc2769a1b78a27578f13a17b -> 
  custom:container-demuxer-webm: 4f35f7cbe854078d1ac9338744f61a02 -> 
  custom:container-demuxer-ogg: 62fdf1f143b41e24485cea50d1cbac27 -> 
  custom:video-encoder-webm-vp8: eb34c28f22e8b96e1ab97ce403110664 -> 
  custom:video-decoder-webm-vp8: 9c59270c3fd7afecdb556c50c9e8de78 -> 
  custom:audio-decoder-ogg-vorbis: bf7c407c2cedff20999df2af8eb42d56 -> 
  custom:audio-encoder-webm-vorbis: bf7c407c2cedff20999df2af8eb42d56 -> 
========================================================================
Received Import Request.
  path: Assets/Alchemical Solutions/Scriptable Object Inventory
  artifactKey: Guid(9c2b7e76a1e1a5c4aaa350851347de62) Importer(815301076,1909f56bfc062723c751e8b465ee728b)
Start importing Assets/Alchemical Solutions/Scriptable Object Inventory using Guid(9c2b7e76a1e1a5c4aaa350851347de62) Importer(815301076,1909f56bfc062723c751e8b465ee728b)  -> (artifact id: '468bbe248ae70ead618bf7ef597c871c') in 0.007005 seconds 
  Import took 0.008884 seconds .

========================================================================
Received Import Request.
  Time since last request: 3.674653 seconds.
  path: Assets/Alchemical Solutions/Scripts/Inventory System 2.0
  artifactKey: Guid(8b01c4eebaa03074c86f64a58bc084ce) Importer(815301076,1909f56bfc062723c751e8b465ee728b)
Start importing Assets/Alchemical Solutions/Scripts/Inventory System 2.0 using Guid(8b01c4eebaa03074c86f64a58bc084ce) Importer(815301076,1909f56bfc062723c751e8b465ee728b)  -> (artifact id: '3a7f08f3f668d7ed6872893fe7d0cdb7') in 0.004974 seconds 
  Import took 0.006979 seconds .

========================================================================
Received Import Request.
  Time since last request: 7.661490 seconds.
  path: Assets/Alchemical Solutions/Scripts/Inventory System 2.0/InventoryItem.cs
  artifactKey: Guid(7ffb77012fdade7439cdddc664a83747) Importer(815301076,1909f56bfc062723c751e8b465ee728b)
Start importing Assets/Alchemical Solutions/Scripts/Inventory System 2.0/InventoryItem.cs using Guid(7ffb77012fdade7439cdddc664a83747) Importer(815301076,1909f56bfc062723c751e8b465ee728b)  -> (artifact id: '885e65dd88c998e3cbcc6ef915c3630d') in 0.021060 seconds 
  Import took 0.023120 seconds .

========================================================================
Received Prepare
Registering precompiled user dll's ...
Registered in 0.002289 seconds.
Begin MonoManager ReloadAssembly
Native extension for WindowsStandalone target not found
Refreshing native plugins compatible for Editor in 0.30 ms, found 2 plugins.
Preloading 0 native plugins for Editor in 0.00 ms.
Mono: successfully reloaded assembly
- Completed reload, in  0.630 seconds
Domain Reload Profiling:
	ReloadAssembly (630ms)
		BeginReloadAssembly (72ms)
			ExecutionOrderSort (0ms)
			DisableScriptedObjects (3ms)
			BackupInstance (0ms)
			ReleaseScriptingObjects (0ms)
			CreateAndSetChildDomain (21ms)
		EndReloadAssembly (510ms)
			LoadAssemblies (52ms)
			RebuildTransferFunctionScriptingTraits (0ms)
			SetupTypeCache (172ms)
			ReleaseScriptCaches (1ms)
			RebuildScriptCaches (23ms)
			SetupLoadedEditorAssemblies (197ms)
				LogAssemblyErrors (0ms)
				InitializePlatformSupportModulesInManaged (3ms)
				SetLoadedEditorAssemblies (0ms)
				RefreshPlugins (0ms)
				BeforeProcessingInitializeOnLoad (47ms)
				ProcessInitializeOnLoadAttributes (135ms)
				ProcessInitializeOnLoadMethodAttributes (7ms)
				AfterProcessingInitializeOnLoad (4ms)
				EditorAssembliesLoaded (0ms)
			ExecutionOrderSort2 (0ms)
			AwakeInstancesAfterBackupRestoration (5ms)
Platform modules already initialized, skipping
Refreshing native plugins compatible for Editor in 0.29 ms, found 2 plugins.
Preloading 0 native plugins for Editor in 0.00 ms.
Unloading 1568 Unused Serialized files (Serialized files now loaded: 0)
System memory in use before: 71.9 MB.
System memory in use after: 72.0 MB.

Unloading 14 unused Assets to reduce memory usage. Loaded Objects now: 2021.
Total: 2.161800 ms (FindLiveObjects: 0.136600 ms CreateObjectMapping: 0.037700 ms MarkObjects: 1.968900 ms  DeleteObjects: 0.018000 ms)

AssetImportParameters requested are different than current active one (requested -> active):
  custom:framework-win-MediaFoundation: 216162199b28c13a410421893ffa2e32 -> 
  custom:video-decoder-ogg-theora: a1e56fd34408186e4bbccfd4996cb3dc -> 
  custom:container-muxer-webm: aa71ff27fc2769a1b78a27578f13a17b -> 
  custom:container-demuxer-webm: 4f35f7cbe854078d1ac9338744f61a02 -> 
  custom:container-demuxer-ogg: 62fdf1f143b41e24485cea50d1cbac27 -> 
  custom:video-encoder-webm-vp8: eb34c28f22e8b96e1ab97ce403110664 -> 
  custom:video-decoder-webm-vp8: 9c59270c3fd7afecdb556c50c9e8de78 -> 
  custom:audio-decoder-ogg-vorbis: bf7c407c2cedff20999df2af8eb42d56 -> 
  custom:audio-encoder-webm-vorbis: bf7c407c2cedff20999df2af8eb42d56 -> 
========================================================================
Received Import Request.
  Time since last request: 91.599369 seconds.
  path: Assets/Alchemical Solutions/Scripts/Inventory System 2.0/InventoryItem.cs
  artifactKey: Guid(7ffb77012fdade7439cdddc664a83747) Importer(815301076,1909f56bfc062723c751e8b465ee728b)
Start importing Assets/Alchemical Solutions/Scripts/Inventory System 2.0/InventoryItem.cs using Guid(7ffb77012fdade7439cdddc664a83747) Importer(815301076,1909f56bfc062723c751e8b465ee728b)  -> (artifact id: 'ac7e324eba17e4f53960b1294edef91b') in 0.003819 seconds 
  Import took 0.005975 seconds .

========================================================================
Received Import Request.
  Time since last request: 39.106167 seconds.
  path: Assets/Alchemical Solutions/Scripts/Inventory System 2.0/InventoryItem.cs
  artifactKey: Guid(7ffb77012fdade7439cdddc664a83747) Importer(815301076,1909f56bfc062723c751e8b465ee728b)
Start importing Assets/Alchemical Solutions/Scripts/Inventory System 2.0/InventoryItem.cs using Guid(7ffb77012fdade7439cdddc664a83747) Importer(815301076,1909f56bfc062723c751e8b465ee728b)  -> (artifact id: '78e187e74a6d43dad395bd373ab39cd6') in 0.001534 seconds 
  Import took 0.003440 seconds .

========================================================================
Received Prepare
Registering precompiled user dll's ...
Registered in 0.002360 seconds.
Begin MonoManager ReloadAssembly
Native extension for WindowsStandalone target not found
Refreshing native plugins compatible for Editor in 0.30 ms, found 2 plugins.
Preloading 0 native plugins for Editor in 0.00 ms.
Mono: successfully reloaded assembly
- Completed reload, in  0.586 seconds
Domain Reload Profiling:
	ReloadAssembly (586ms)
		BeginReloadAssembly (81ms)
			ExecutionOrderSort (0ms)
			DisableScriptedObjects (3ms)
			BackupInstance (0ms)
			ReleaseScriptingObjects (0ms)
			CreateAndSetChildDomain (22ms)
		EndReloadAssembly (463ms)
			LoadAssemblies (53ms)
			RebuildTransferFunctionScriptingTraits (0ms)
			SetupTypeCache (158ms)
			ReleaseScriptCaches (1ms)
			RebuildScriptCaches (22ms)
			SetupLoadedEditorAssemblies (175ms)
				LogAssemblyErrors (0ms)
				InitializePlatformSupportModulesInManaged (3ms)
				SetLoadedEditorAssemblies (0ms)
				RefreshPlugins (0ms)
				BeforeProcessingInitializeOnLoad (46ms)
				ProcessInitializeOnLoadAttributes (117ms)
				ProcessInitializeOnLoadMethodAttributes (6ms)
				AfterProcessingInitializeOnLoad (3ms)
				EditorAssembliesLoaded (0ms)
			ExecutionOrderSort2 (0ms)
			AwakeInstancesAfterBackupRestoration (4ms)
Platform modules already initialized, skipping
Refreshing native plugins compatible for Editor in 0.25 ms, found 2 plugins.
Preloading 0 native plugins for Editor in 0.00 ms.
Unloading 1568 Unused Serialized files (Serialized files now loaded: 0)
System memory in use before: 71.9 MB.
System memory in use after: 72.0 MB.

Unloading 14 unused Assets to reduce memory usage. Loaded Objects now: 2023.
Total: 1.960300 ms (FindLiveObjects: 0.123900 ms CreateObjectMapping: 0.033100 ms MarkObjects: 1.788800 ms  DeleteObjects: 0.013500 ms)

AssetImportParameters requested are different than current active one (requested -> active):
  custom:framework-win-MediaFoundation: 216162199b28c13a410421893ffa2e32 -> 
  custom:video-decoder-ogg-theora: a1e56fd34408186e4bbccfd4996cb3dc -> 
  custom:container-muxer-webm: aa71ff27fc2769a1b78a27578f13a17b -> 
  custom:container-demuxer-webm: 4f35f7cbe854078d1ac9338744f61a02 -> 
  custom:container-demuxer-ogg: 62fdf1f143b41e24485cea50d1cbac27 -> 
  custom:video-encoder-webm-vp8: eb34c28f22e8b96e1ab97ce403110664 -> 
  custom:video-decoder-webm-vp8: 9c59270c3fd7afecdb556c50c9e8de78 -> 
  custom:audio-decoder-ogg-vorbis: bf7c407c2cedff20999df2af8eb42d56 -> 
  custom:audio-encoder-webm-vorbis: bf7c407c2cedff20999df2af8eb42d56 -> 
========================================================================
Received Import Request.
  Time since last request: 730.212060 seconds.
  path: Assets/Alchemical Solutions/Scripts/Basic Inventory Scripts
  artifactKey: Guid(78617b3572fea6d4a9d8c3888e248053) Importer(815301076,1909f56bfc062723c751e8b465ee728b)
Start importing Assets/Alchemical Solutions/Scripts/Basic Inventory Scripts using Guid(78617b3572fea6d4a9d8c3888e248053) Importer(815301076,1909f56bfc062723c751e8b465ee728b)  -> (artifact id: 'b59915e73b125d2efa7327044af32409') in 0.007371 seconds 
  Import took 0.009559 seconds .

========================================================================
Received Import Request.
  Time since last request: 2.924154 seconds.
  path: Assets/Alchemical Solutions/Scripts/Basic Inventory Scripts/Inventory.cs
  artifactKey: Guid(c533781c5ba33aa4c9193d80f3ac3a2b) Importer(815301076,1909f56bfc062723c751e8b465ee728b)
Start importing Assets/Alchemical Solutions/Scripts/Basic Inventory Scripts/Inventory.cs using Guid(c533781c5ba33aa4c9193d80f3ac3a2b) Importer(815301076,1909f56bfc062723c751e8b465ee728b)  -> (artifact id: 'fff5e7054f566bbe8411fde88a398ee5') in 0.004778 seconds 
  Import took 0.006626 seconds .

========================================================================
Received Import Request.
  Time since last request: 49.976208 seconds.
  path: Assets/Alchemical Solutions/Scripts/Basic Inventory Scripts/Item.cs
  artifactKey: Guid(4236036054d3db84c82f1f53718f3bc3) Importer(815301076,1909f56bfc062723c751e8b465ee728b)
Start importing Assets/Alchemical Solutions/Scripts/Basic Inventory Scripts/Item.cs using Guid(4236036054d3db84c82f1f53718f3bc3) Importer(815301076,1909f56bfc062723c751e8b465ee728b)  -> (artifact id: 'c02fd131942a3c47fa6830a66d554ed3') in 0.005817 seconds 
  Import took 0.007771 seconds .

========================================================================
Received Import Request.
  Time since last request: 6.007837 seconds.
  path: Assets/Alchemical Solutions/Scripts/Basic Inventory Scripts/ItemAssets.cs
  artifactKey: Guid(67bccb06633db2d4495abb0fb463388a) Importer(815301076,1909f56bfc062723c751e8b465ee728b)
Start importing Assets/Alchemical Solutions/Scripts/Basic Inventory Scripts/ItemAssets.cs using Guid(67bccb06633db2d4495abb0fb463388a) Importer(815301076,1909f56bfc062723c751e8b465ee728b)  -> (artifact id: '9d1639cbc60d4273f98569e95efbddbc') in 0.004766 seconds 
  Import took 0.006767 seconds .

========================================================================
Received Import Request.
  Time since last request: 14.185028 seconds.
  path: Assets/Alchemical Solutions/Scripts/Basic Inventory Scripts/ItemWorld.cs
  artifactKey: Guid(4576cdbb8c6564640b0ce7fd9029ad4a) Importer(815301076,1909f56bfc062723c751e8b465ee728b)
Start importing Assets/Alchemical Solutions/Scripts/Basic Inventory Scripts/ItemWorld.cs using Guid(4576cdbb8c6564640b0ce7fd9029ad4a) Importer(815301076,1909f56bfc062723c751e8b465ee728b)  -> (artifact id: 'a7090af7d1036f01f91412b85cbc08c5') in 0.005995 seconds 
  Import took 0.007980 seconds .

========================================================================
Received Import Request.
  Time since last request: 5.175876 seconds.
  path: Assets/Alchemical Solutions/Scripts/Basic Inventory Scripts/ItemWorldSpawner.cs
  artifactKey: Guid(f3642c3a24b29664a92060a376e8818c) Importer(815301076,1909f56bfc062723c751e8b465ee728b)
Start importing Assets/Alchemical Solutions/Scripts/Basic Inventory Scripts/ItemWorldSpawner.cs using Guid(f3642c3a24b29664a92060a376e8818c) Importer(815301076,1909f56bfc062723c751e8b465ee728b)  -> (artifact id: 'd5c815a02910fe673197524786e6512e') in 0.004844 seconds 
  Import took 0.007005 seconds .

========================================================================
Received Import Request.
  Time since last request: 2.556036 seconds.
  path: Assets/Alchemical Solutions/Scripts/Basic Inventory Scripts/UI_Inventory.cs
  artifactKey: Guid(7701e8272dcd8dd4ebb9e929658ba2dc) Importer(815301076,1909f56bfc062723c751e8b465ee728b)
Start importing Assets/Alchemical Solutions/Scripts/Basic Inventory Scripts/UI_Inventory.cs using Guid(7701e8272dcd8dd4ebb9e929658ba2dc) Importer(815301076,1909f56bfc062723c751e8b465ee728b)  -> (artifact id: '15a3a179be7b95314acc15b1a28e18af') in 0.004594 seconds 
  Import took 0.006507 seconds .

========================================================================
Received Prepare
Registering precompiled user dll's ...
Registered in 0.003883 seconds.
Begin MonoManager ReloadAssembly
Native extension for WindowsStandalone target not found
Refreshing native plugins compatible for Editor in 0.30 ms, found 2 plugins.
Preloading 0 native plugins for Editor in 0.00 ms.
Mono: successfully reloaded assembly
- Completed reload, in  0.586 seconds
Domain Reload Profiling:
	ReloadAssembly (587ms)
		BeginReloadAssembly (78ms)
			ExecutionOrderSort (0ms)
			DisableScriptedObjects (4ms)
			BackupInstance (0ms)
			ReleaseScriptingObjects (0ms)
			CreateAndSetChildDomain (23ms)
		EndReloadAssembly (468ms)
			LoadAssemblies (54ms)
			RebuildTransferFunctionScriptingTraits (0ms)
			SetupTypeCache (161ms)
			ReleaseScriptCaches (1ms)
			RebuildScriptCaches (22ms)
			SetupLoadedEditorAssemblies (175ms)
				LogAssemblyErrors (0ms)
				InitializePlatformSupportModulesInManaged (3ms)
				SetLoadedEditorAssemblies (0ms)
				RefreshPlugins (0ms)
				BeforeProcessingInitializeOnLoad (47ms)
				ProcessInitializeOnLoadAttributes (116ms)
				ProcessInitializeOnLoadMethodAttributes (6ms)
				AfterProcessingInitializeOnLoad (3ms)
				EditorAssembliesLoaded (0ms)
			ExecutionOrderSort2 (0ms)
			AwakeInstancesAfterBackupRestoration (4ms)
Platform modules already initialized, skipping
Refreshing native plugins compatible for Editor in 0.21 ms, found 2 plugins.
Preloading 0 native plugins for Editor in 0.00 ms.
Unloading 1568 Unused Serialized files (Serialized files now loaded: 0)
System memory in use before: 71.9 MB.
System memory in use after: 72.0 MB.

Unloading 14 unused Assets to reduce memory usage. Loaded Objects now: 2025.
Total: 1.909300 ms (FindLiveObjects: 0.113700 ms CreateObjectMapping: 0.033800 ms MarkObjects: 1.749500 ms  DeleteObjects: 0.011700 ms)

AssetImportParameters requested are different than current active one (requested -> active):
  custom:framework-win-MediaFoundation: 216162199b28c13a410421893ffa2e32 -> 
  custom:video-decoder-ogg-theora: a1e56fd34408186e4bbccfd4996cb3dc -> 
  custom:container-muxer-webm: aa71ff27fc2769a1b78a27578f13a17b -> 
  custom:container-demuxer-webm: 4f35f7cbe854078d1ac9338744f61a02 -> 
  custom:container-demuxer-ogg: 62fdf1f143b41e24485cea50d1cbac27 -> 
  custom:video-encoder-webm-vp8: eb34c28f22e8b96e1ab97ce403110664 -> 
  custom:video-decoder-webm-vp8: 9c59270c3fd7afecdb556c50c9e8de78 -> 
  custom:audio-decoder-ogg-vorbis: bf7c407c2cedff20999df2af8eb42d56 -> 
  custom:audio-encoder-webm-vorbis: bf7c407c2cedff20999df2af8eb42d56 -> 
