Using pre-set license
Built from '2020.3/staging' branch; Version is '2020.3.23f1 (c5d91304a876) revision 12966163'; Using compiler version '192528614'; Build Type 'Release'
OS: 'Windows 10 Education; OS build 19044.2604; Version 2009; 64bit' Language: 'en' Physical Memory: 16301 MB
BatchMode: 1, IsHumanControllingUs: 0, StartBugReporterOnCrash: 0, Is64bit: 1, IsPro: 0

COMMAND LINE ARGUMENTS:
C:\Program Files\Unity\Hub\Editor\2020.3.23f1\Editor\Unity.exe
-adb2
-batchMode
-noUpm
-name
AssetImportWorker0
-projectPath
C:/Users/cawosanya2021/Documents/GitHub/Alchemical-Solutions/Alchemical Solutions
-logFile
Logs/AssetImportWorker0.log
-srvPort
50960
Successfully changed project path to: C:/Users/cawosanya2021/Documents/GitHub/Alchemical-Solutions/Alchemical Solutions
C:/Users/cawosanya2021/Documents/GitHub/Alchemical-Solutions/Alchemical Solutions
Using Asset Import Pipeline V2.
Refreshing native plugins compatible for Editor in 35.06 ms, found 2 plugins.
Preloading 0 native plugins for Editor in 0.00 ms.
Initialize engine version: 2020.3.23f1 (c5d91304a876)
[Subsystems] Discovering subsystems at path C:/Program Files/Unity/Hub/Editor/2020.3.23f1/Editor/Data/Resources/UnitySubsystems
[Subsystems] Discovering subsystems at path C:/Users/cawosanya2021/Documents/GitHub/Alchemical-Solutions/Alchemical Solutions/Assets
GfxDevice: creating device client; threaded=0
Direct3D:
    Version:  Direct3D 11.0 [level 11.1]
    Renderer: NVIDIA GeForce GTX 1070 (ID=0x1b81)
    Vendor:   
    VRAM:     8088 MB
    Driver:   27.21.14.6109
Initialize mono
Mono path[0] = 'C:/Program Files/Unity/Hub/Editor/2020.3.23f1/Editor/Data/Managed'
Mono path[1] = 'C:/Program Files/Unity/Hub/Editor/2020.3.23f1/Editor/Data/MonoBleedingEdge/lib/mono/unityjit'
Mono config path = 'C:/Program Files/Unity/Hub/Editor/2020.3.23f1/Editor/Data/MonoBleedingEdge/etc'
Using monoOptions --debugger-agent=transport=dt_socket,embedding=1,server=y,suspend=n,address=127.0.0.1:56568
Begin MonoManager ReloadAssembly
Registering precompiled unity dll's ...
Register platform support module: C:/Program Files/Unity/Hub/Editor/2020.3.23f1/Editor/Data/PlaybackEngines/WindowsStandaloneSupport/UnityEditor.WindowsStandalone.Extensions.dll
Registered in 0.002178 seconds.
Native extension for WindowsStandalone target not found
Refreshing native plugins compatible for Editor in 30.92 ms, found 2 plugins.
Preloading 0 native plugins for Editor in 0.00 ms.
Mono: successfully reloaded assembly
- Completed reload, in  0.567 seconds
Domain Reload Profiling:
	ReloadAssembly (567ms)
		BeginReloadAssembly (56ms)
			ExecutionOrderSort (0ms)
			DisableScriptedObjects (0ms)
			BackupInstance (0ms)
			ReleaseScriptingObjects (0ms)
			CreateAndSetChildDomain (1ms)
		EndReloadAssembly (439ms)
			LoadAssemblies (53ms)
			RebuildTransferFunctionScriptingTraits (0ms)
			SetupTypeCache (152ms)
			ReleaseScriptCaches (0ms)
			RebuildScriptCaches (30ms)
			SetupLoadedEditorAssemblies (155ms)
				LogAssemblyErrors (0ms)
				InitializePlatformSupportModulesInManaged (4ms)
				SetLoadedEditorAssemblies (0ms)
				RefreshPlugins (31ms)
				BeforeProcessingInitializeOnLoad (14ms)
				ProcessInitializeOnLoadAttributes (78ms)
				ProcessInitializeOnLoadMethodAttributes (27ms)
				AfterProcessingInitializeOnLoad (0ms)
				EditorAssembliesLoaded (0ms)
			ExecutionOrderSort2 (0ms)
			AwakeInstancesAfterBackupRestoration (0ms)
Platform modules already initialized, skipping
Registering precompiled user dll's ...
Registered in 0.005555 seconds.
Begin MonoManager ReloadAssembly
Native extension for WindowsStandalone target not found
Refreshing native plugins compatible for Editor in 0.33 ms, found 2 plugins.
Preloading 0 native plugins for Editor in 0.00 ms.
Mono: successfully reloaded assembly
- Completed reload, in  0.985 seconds
Domain Reload Profiling:
	ReloadAssembly (986ms)
		BeginReloadAssembly (145ms)
			ExecutionOrderSort (0ms)
			DisableScriptedObjects (4ms)
			BackupInstance (0ms)
			ReleaseScriptingObjects (0ms)
			CreateAndSetChildDomain (18ms)
		EndReloadAssembly (781ms)
			LoadAssemblies (85ms)
			RebuildTransferFunctionScriptingTraits (0ms)
			SetupTypeCache (269ms)
			ReleaseScriptCaches (0ms)
			RebuildScriptCaches (42ms)
			SetupLoadedEditorAssemblies (297ms)
				LogAssemblyErrors (0ms)
				InitializePlatformSupportModulesInManaged (4ms)
				SetLoadedEditorAssemblies (1ms)
				RefreshPlugins (0ms)
				BeforeProcessingInitializeOnLoad (78ms)
				ProcessInitializeOnLoadAttributes (198ms)
				ProcessInitializeOnLoadMethodAttributes (9ms)
				AfterProcessingInitializeOnLoad (6ms)
				EditorAssembliesLoaded (0ms)
			ExecutionOrderSort2 (0ms)
			AwakeInstancesAfterBackupRestoration (6ms)
Platform modules already initialized, skipping
========================================================================
Worker process is ready to serve import requests
Launched and connected shader compiler UnityShaderCompiler.exe after 0.04 seconds
Refreshing native plugins compatible for Editor in 0.31 ms, found 2 plugins.
Preloading 0 native plugins for Editor in 0.00 ms.
Unloading 1580 Unused Serialized files (Serialized files now loaded: 0)
System memory in use before: 73.3 MB.
System memory in use after: 73.4 MB.

Unloading 19 unused Assets to reduce memory usage. Loaded Objects now: 2013.
Total: 2.804400 ms (FindLiveObjects: 0.163000 ms CreateObjectMapping: 0.054900 ms MarkObjects: 2.512400 ms  DeleteObjects: 0.072700 ms)

AssetImportParameters requested are different than current active one (requested -> active):
  custom:framework-win-MediaFoundation: 216162199b28c13a410421893ffa2e32 -> 
  custom:video-decoder-ogg-theora: a1e56fd34408186e4bbccfd4996cb3dc -> 
  custom:container-muxer-webm: aa71ff27fc2769a1b78a27578f13a17b -> 
  custom:container-demuxer-webm: 4f35f7cbe854078d1ac9338744f61a02 -> 
  custom:container-demuxer-ogg: 62fdf1f143b41e24485cea50d1cbac27 -> 
  custom:video-encoder-webm-vp8: eb34c28f22e8b96e1ab97ce403110664 -> 
  custom:video-decoder-webm-vp8: 9c59270c3fd7afecdb556c50c9e8de78 -> 
  custom:audio-decoder-ogg-vorbis: bf7c407c2cedff20999df2af8eb42d56 -> 
  custom:audio-encoder-webm-vorbis: bf7c407c2cedff20999df2af8eb42d56 -> 
========================================================================
Received Import Request.
  path: Assets/CodeMonkey/CMDebug.cs
  artifactKey: Guid(d6005648898e7f647ad2202fe256c311) Importer(815301076,1909f56bfc062723c751e8b465ee728b)
Start importing Assets/CodeMonkey/CMDebug.cs using Guid(d6005648898e7f647ad2202fe256c311) Importer(815301076,1909f56bfc062723c751e8b465ee728b)  -> (artifact id: '164e585fae2c00567f56e7a61ac52b7c') in 0.053946 seconds 
  Import took 0.056305 seconds .

========================================================================
Received Import Request.
  Time since last request: 2.105434 seconds.
  path: Assets/CodeMonkey/MonoBehaviours
  artifactKey: Guid(5abf4c77cbf61d94995a40be42eeaee0) Importer(815301076,1909f56bfc062723c751e8b465ee728b)
Start importing Assets/CodeMonkey/MonoBehaviours using Guid(5abf4c77cbf61d94995a40be42eeaee0) Importer(815301076,1909f56bfc062723c751e8b465ee728b)  -> (artifact id: 'cda1f05f3cd1ee6d77c42e275b90f74f') in 0.004920 seconds 
  Import took 0.007352 seconds .

========================================================================
Received Import Request.
  Time since last request: 0.551826 seconds.
  path: Assets/CodeMonkey/Assets
  artifactKey: Guid(87d70cfb1e610ac4dadb3551cb1dc28b) Importer(815301076,1909f56bfc062723c751e8b465ee728b)
Start importing Assets/CodeMonkey/Assets using Guid(87d70cfb1e610ac4dadb3551cb1dc28b) Importer(815301076,1909f56bfc062723c751e8b465ee728b)  -> (artifact id: '2e2eba4ea591a8e9041429653a629a8b') in 0.005043 seconds 
  Import took 0.007327 seconds .

========================================================================
Received Import Request.
  Time since last request: 0.128308 seconds.
  path: Assets/CodeMonkey/Assets/Circle.png
  artifactKey: Guid(a0e35f6b808bb7447826cc6c69ffe448) Importer(815301076,1909f56bfc062723c751e8b465ee728b)
Start importing Assets/CodeMonkey/Assets/Circle.png using Guid(a0e35f6b808bb7447826cc6c69ffe448) Importer(815301076,1909f56bfc062723c751e8b465ee728b)  -> (artifact id: '3785c294c69dab259f861881632311ea') in 0.232293 seconds 
  Import took 0.284670 seconds .

========================================================================
Received Import Request.
  Time since last request: 0.000280 seconds.
  path: Assets/CodeMonkey/Assets/White_1x1.png
  artifactKey: Guid(170577bce7cbda144b82578f81308d23) Importer(815301076,1909f56bfc062723c751e8b465ee728b)
Start importing Assets/CodeMonkey/Assets/White_1x1.png using Guid(170577bce7cbda144b82578f81308d23) Importer(815301076,1909f56bfc062723c751e8b465ee728b)  -> (artifact id: 'a2307d8bdfd317f8a84d5c7d1464d436') in 0.038003 seconds 
  Import took 0.040460 seconds .

========================================================================
Received Import Request.
  Time since last request: 0.000295 seconds.
  path: Assets/CodeMonkey/Assets/White_1x1.mat
  artifactKey: Guid(7d5e8e2c082a4c44a9abd7d650cf0a15) Importer(815301076,1909f56bfc062723c751e8b465ee728b)
Start importing Assets/CodeMonkey/Assets/White_1x1.mat using Guid(7d5e8e2c082a4c44a9abd7d650cf0a15) Importer(815301076,1909f56bfc062723c751e8b465ee728b)  -> (artifact id: '59c6622c20b6bc253334370740268f4e') in 0.288953 seconds 
  Import took 0.291438 seconds .

========================================================================
Received Import Request.
  Time since last request: 6.504689 seconds.
  path: Assets/Alchemical Solutions/Scripts/UI_Inventory.cs
  artifactKey: Guid(7701e8272dcd8dd4ebb9e929658ba2dc) Importer(815301076,1909f56bfc062723c751e8b465ee728b)
Start importing Assets/Alchemical Solutions/Scripts/UI_Inventory.cs using Guid(7701e8272dcd8dd4ebb9e929658ba2dc) Importer(815301076,1909f56bfc062723c751e8b465ee728b)  -> (artifact id: 'bb146effdcb5c0b6f961bed5a3d2b592') in 0.005297 seconds 
  Import took 0.008047 seconds .

========================================================================
Received Import Request.
  Time since last request: 352.572459 seconds.
  path: Assets/Alchemical Solutions/Scripts/UI_Inventory.cs
  artifactKey: Guid(7701e8272dcd8dd4ebb9e929658ba2dc) Importer(815301076,1909f56bfc062723c751e8b465ee728b)
Start importing Assets/Alchemical Solutions/Scripts/UI_Inventory.cs using Guid(7701e8272dcd8dd4ebb9e929658ba2dc) Importer(815301076,1909f56bfc062723c751e8b465ee728b)  -> (artifact id: 'de76469527acc5c0ee1da59f76877ac5') in 0.005667 seconds 
  Import took 0.008667 seconds .

========================================================================
Received Import Request.
  Time since last request: 20.142745 seconds.
  path: Assets/Alchemical Solutions/Scripts/UI_Inventory.cs
  artifactKey: Guid(7701e8272dcd8dd4ebb9e929658ba2dc) Importer(815301076,1909f56bfc062723c751e8b465ee728b)
Start importing Assets/Alchemical Solutions/Scripts/UI_Inventory.cs using Guid(7701e8272dcd8dd4ebb9e929658ba2dc) Importer(815301076,1909f56bfc062723c751e8b465ee728b)  -> (artifact id: '9e512f20bfd6e58f9680f31a95a62ed0') in 0.004770 seconds 
  Import took 0.007163 seconds .

========================================================================
Received Import Request.
  Time since last request: 670.309827 seconds.
  path: Assets/Alchemical Solutions/Scripts/ItemWorld.cs
  artifactKey: Guid(4576cdbb8c6564640b0ce7fd9029ad4a) Importer(815301076,1909f56bfc062723c751e8b465ee728b)
Start importing Assets/Alchemical Solutions/Scripts/ItemWorld.cs using Guid(4576cdbb8c6564640b0ce7fd9029ad4a) Importer(815301076,1909f56bfc062723c751e8b465ee728b)  -> (artifact id: '845e00d4c13b6708672bdb5ab524ece7') in 0.004924 seconds 
  Import took 0.007911 seconds .

========================================================================
Received Import Request.
  Time since last request: 95.136225 seconds.
  path: Assets/Alchemical Solutions/Scripts/ItemWorld.cs
  artifactKey: Guid(4576cdbb8c6564640b0ce7fd9029ad4a) Importer(815301076,1909f56bfc062723c751e8b465ee728b)
Start importing Assets/Alchemical Solutions/Scripts/ItemWorld.cs using Guid(4576cdbb8c6564640b0ce7fd9029ad4a) Importer(815301076,1909f56bfc062723c751e8b465ee728b)  -> (artifact id: '3e7cba066fae30a104b41e4915f17444') in 0.004596 seconds 
  Import took 0.007456 seconds .

========================================================================
Received Import Request.
  Time since last request: 78.382167 seconds.
  path: Assets/Alchemical Solutions/Scripts/ItemWorld.cs
  artifactKey: Guid(4576cdbb8c6564640b0ce7fd9029ad4a) Importer(815301076,1909f56bfc062723c751e8b465ee728b)
Start importing Assets/Alchemical Solutions/Scripts/ItemWorld.cs using Guid(4576cdbb8c6564640b0ce7fd9029ad4a) Importer(815301076,1909f56bfc062723c751e8b465ee728b)  -> (artifact id: 'a7090af7d1036f01f91412b85cbc08c5') in 0.004651 seconds 
  Import took 0.007115 seconds .

AssetImportWorkerClient::OnTransportError - code=2 error=End of file
